vmanager: *W,db.runs.toomany: You have 94,964 runs in the database. 100,000 is limit for installed edition.
Cadence vManager(64): 22.03-s003: (c) Copyright 1995-2022 Cadence Design Systems Inc - Simulator version: 22.03-s004 - Coverage engine version: 22.03-s004
Starting gui mode
vmanager: *I,runner.startingSession: Starting session /home/grads/s/saimanish.gopu/csce_616/lab-10-SaiManishGopu/lab10/sim/run_vm.vsif
vmanager: *W,runner.oldRunnerDeprecation: Old Runner will be deprecated soon. It is recommended that you enable Runner 2.0 using configuration option runner.drm.enable_runner2. Starting next release, Runner 2.0 will be enabled by default.
vmanager: *W,runner.drmWarning: Runner: DRM: Job limit of 100 was reduced to 1 due to usage of Serial Local DRM.
vmanager: *I,runner.sessionStarted: Session htax_regress.saimanish.gopu.23_12_05_19_53_17_5188 started.
vmanager: *W,db.runs.toomany: You have 94,503 runs in the database. 100,000 is limit for installed edition.
vmanager: *W,db.runs.toomany: You have 94,463 runs in the database. 100,000 is limit for installed edition.
vmanager: *W,db.runs.toomany: You have 94,463 runs in the database. 100,000 is limit for installed edition.
vmanager: *W,db.runs.toomany: You have 94,463 runs in the database. 100,000 is limit for installed edition.
vmanager: *I,MERGL1: The merged icc coverage cache was reused for analysis: /home/grads/s/saimanish.gopu/csce_616/lab-10-SaiManishGopu/lab10/sim/regression/htax_regress.saimanish.gopu.23_12_05_19_53_17_5188/merged_ucds/default/1701828851124/merged_tests/icc_4e8e3c4e_0a9c82fa.ucd(merged)
vmanager: *W,db.runs.toomany: You have 94,463 runs in the database. 100,000 is limit for installed edition.
vmanager: *W,db.runs.toomany: You have 94,463 runs in the database. 100,000 is limit for installed edition.
vmanager: *W,db.runs.toomany: You have 94,463 runs in the database. 100,000 is limit for installed edition.
vmanager: *W,db.runs.toomany: You have 94,463 runs in the database. 100,000 is limit for installed edition.
vmanager: *W,db.runs.toomany: You have 94,463 runs in the database. 100,000 is limit for installed edition.
vmanager: *W,db.runs.toomany: You have 93,993 runs in the database. 100,000 is limit for installed edition.
vmanager: *W,db.runs.toomany: You have 93,993 runs in the database. 100,000 is limit for installed edition.
vmanager: *I,MERGL1: The merged icc coverage cache was reused for analysis: /home/grads/s/saimanish.gopu/csce_616/lab-10-SaiManishGopu/lab10/sim/regression/htax_regress.saimanish.gopu.23_12_05_19_53_17_5188/merged_ucds/default/1701828851124/merged_tests/icc_4e8e3c4e_0a9c82fa.ucd(merged)
vmanager: *W,db.runs.toomany: You have 94,013 runs in the database. 100,000 is limit for installed edition.
vmanager: *W,db.runs.toomany: You have 94,013 runs in the database. 100,000 is limit for installed edition.
vmanager: *W,db.runs.toomany: You have 94,263 runs in the database. 100,000 is limit for installed edition.
vmanager: *I,MERGL1: The merged icc coverage cache was reused for analysis: /home/grads/s/saimanish.gopu/csce_616/lab-10-SaiManishGopu/lab10/sim/regression/htax_regress.saimanish.gopu.23_12_05_19_53_17_5188/merged_ucds/default/1701828851124/merged_tests/icc_4e8e3c4e_0a9c82fa.ucd(merged)
vmanager: *W,db.runs.toomany: You have 94,263 runs in the database. 100,000 is limit for installed edition.
vmanager: *W,db.runs.toomany: You have 94,263 runs in the database. 100,000 is limit for installed edition.
vmanager: *W,db.runs.toomany: You have 94,263 runs in the database. 100,000 is limit for installed edition.
vmanager: *W,db.runs.toomany: You have 94,263 runs in the database. 100,000 is limit for installed edition.
vmanager: *I,runner.startingSession: Starting session /home/grads/s/saimanish.gopu/csce_616/lab-10-SaiManishGopu/lab10/sim/run_vm.vsif
vmanager: *W,runner.oldRunnerDeprecation: Old Runner will be deprecated soon. It is recommended that you enable Runner 2.0 using configuration option runner.drm.enable_runner2. Starting next release, Runner 2.0 will be enabled by default.
vmanager: *W,runner.drmWarning: Runner: DRM: Job limit of 100 was reduced to 1 due to usage of Serial Local DRM.
vmanager: *I,runner.sessionStarted: Session htax_regress.saimanish.gopu.23_12_05_21_25_55_6685 started.
vmanager: *W,db.runs.toomany: You have 94,773 runs in the database. 100,000 is limit for installed edition.
vmanager: *W,db.runs.toomany: You have 94,773 runs in the database. 100,000 is limit for installed edition.
vmanager: *W,db.runs.toomany: You have 94,773 runs in the database. 100,000 is limit for installed edition.
vmanager: *W,db.runs.toomany: You have 94,638 runs in the database. 100,000 is limit for installed edition.
vmanager: *W,db.runs.toomany: You have 94,723 runs in the database. 100,000 is limit for installed edition.
vmanager: *W,db.runs.toomany: You have 94,723 runs in the database. 100,000 is limit for installed edition.
vmanager: *W,db.runs.toomany: You have 94,723 runs in the database. 100,000 is limit for installed edition.
vmanager: *W,db.runs.toomany: You have 94,723 runs in the database. 100,000 is limit for installed edition.
vmanager: *W,db.runs.toomany: You have 94,667 runs in the database. 100,000 is limit for installed edition.
vmanager: *W,db.runs.toomany: You have 94,667 runs in the database. 100,000 is limit for installed edition.
vmanager: *W,db.runs.toomany: You have 94,667 runs in the database. 100,000 is limit for installed edition.
vmanager: *W,db.runs.toomany: You have 94,767 runs in the database. 100,000 is limit for installed edition.
vmanager: *W,db.runs.toomany: You have 94,767 runs in the database. 100,000 is limit for installed edition.
vmanager: *W,db.runs.toomany: You have 94,767 runs in the database. 100,000 is limit for installed edition.
vmanager: *W,db.runs.toomany: You have 94,767 runs in the database. 100,000 is limit for installed edition.
vmanager: *W,db.runs.toomany: You have 94,517 runs in the database. 100,000 is limit for installed edition.
vmanager: *W,db.runs.toomany: You have 94,767 runs in the database. 100,000 is limit for installed edition.
vmanager: *W,db.runs.toomany: You have 94,647 runs in the database. 100,000 is limit for installed edition.
vmanager: *I,MERGL1: The merged icc coverage cache was not reused due to different configuration or set of runs.
vmanager: *I,MERGL1: The merged icc coverage cache was partially reused for analysis (366 out of 369 runs were reused): /home/grads/s/saimanish.gopu/csce_616/lab-10-SaiManishGopu/lab10/sim/regression/htax_regress.saimanish.gopu.23_12_05_21_25_55_6685/merged_ucds/default/1701838639258/merged_tests/icc_4e8e3c4e_0a9c82fa.ucd(merged)
vmanager: *W,db.runs.toomany: You have 94,647 runs in the database. 100,000 is limit for installed edition.
vmanager: *I,MERGL1: The merged icc coverage cache was reused for analysis: /home/grads/s/saimanish.gopu/csce_616/lab-10-SaiManishGopu/lab10/sim/regression/htax_regress.saimanish.gopu.23_12_05_19_53_17_5188/merged_ucds/default/1701828851124/merged_tests/icc_4e8e3c4e_0a9c82fa.ucd(merged)
vmanager: *I,MERGL1: The merged icc coverage cache was reused for analysis: /home/grads/s/saimanish.gopu/csce_616/lab-10-SaiManishGopu/lab10/sim/regression/htax_regress.saimanish.gopu.23_12_05_19_53_17_5188/merged_ucds/default/1701828851124/merged_tests/icc_4e8e3c4e_0a9c82fa.ucd(merged)
vmanager: *W,db.runs.toomany: You have 94,647 runs in the database. 100,000 is limit for installed edition.
vmanager: *W,db.runs.toomany: You have 94,647 runs in the database. 100,000 is limit for installed edition.
vmanager: *I,MERGL1: The merged icc coverage cache was not reused due to different configuration or set of runs.
vmanager: *W,db.runs.toomany: You have 94,647 runs in the database. 100,000 is limit for installed edition.
vmanager: *I,MERGL1: The merged icc coverage cache was partially reused for analysis (427 out of 433 runs were reused): /home/grads/s/saimanish.gopu/csce_616/lab-10-SaiManishGopu/lab10/sim/regression/htax_regress.saimanish.gopu.23_12_05_21_25_55_6685/merged_ucds/default/1701839575332/merged_tests/icc_4e8e3c4e_0a9c82fa.ucd(merged)
vmanager: *I,MERGL1: The merged icc coverage cache was partially reused for analysis (433 out of 439 runs were reused): /home/grads/s/saimanish.gopu/csce_616/lab-10-SaiManishGopu/lab10/sim/regression/htax_regress.saimanish.gopu.23_12_05_21_25_55_6685/merged_ucds/default/1701839667896/merged_tests/icc_4e8e3c4e_0a9c82fa.ucd(merged)
vmanager: *W,db.runs.toomany: You have 94,647 runs in the database. 100,000 is limit for installed edition.
vmanager: *I,MERGL1: The merged icc coverage cache was not reused due to different configuration or set of runs.
vmanager: *I,MERGL1: The merged icc coverage cache was reused for analysis: /home/grads/s/saimanish.gopu/csce_616/lab-10-SaiManishGopu/lab10/sim/regression/htax_regress.saimanish.gopu.23_12_05_19_53_17_5188/merged_ucds/default/1701839938441/merged_tests/icc_4e8e3c4e_0a9c82fa.ucd(merged)
vmanager: *I,MERGL1: The merged icc coverage cache was reused for analysis: /home/grads/s/saimanish.gopu/csce_616/lab-10-SaiManishGopu/lab10/sim/regression/htax_regress.saimanish.gopu.23_12_05_19_53_17_5188/merged_ucds/default/1701839938441/merged_tests/icc_4e8e3c4e_0a9c82fa.ucd(merged)
vmanager: *W,db.runs.toomany: You have 94,647 runs in the database. 100,000 is limit for installed edition.
vmanager: *I,MERGL1: The merged icc coverage cache was reused for analysis: /home/grads/s/saimanish.gopu/csce_616/lab-10-SaiManishGopu/lab10/sim/regression/htax_regress.saimanish.gopu.23_12_05_19_53_17_5188/merged_ucds/default/1701839938441/merged_tests/icc_4e8e3c4e_0a9c82fa.ucd(merged)
vmanager: *I,MERGL1: The merged icc coverage cache was partially reused for analysis (439 out of 480 runs were reused): /home/grads/s/saimanish.gopu/csce_616/lab-10-SaiManishGopu/lab10/sim/regression/htax_regress.saimanish.gopu.23_12_05_21_25_55_6685/merged_ucds/default/1701839789046/merged_tests/icc_4e8e3c4e_0a9c82fa.ucd(merged)
vmanager: *I,MERGL1: The merged icc coverage cache was reused for analysis: /home/grads/s/saimanish.gopu/csce_616/lab-10-SaiManishGopu/lab10/sim/regression/htax_regress.saimanish.gopu.23_12_05_19_53_17_5188/merged_ucds/default/1701839938441/merged_tests/icc_4e8e3c4e_0a9c82fa.ucd(merged)
vmanager: *W,db.runs.toomany: You have 94,647 runs in the database. 100,000 is limit for installed edition.
vmanager: *W,db.runs.toomany: You have 94,647 runs in the database. 100,000 is limit for installed edition.
vmanager: *W,db.runs.toomany: You have 94,647 runs in the database. 100,000 is limit for installed edition.
vmanager: *W,db.runs.toomany: You have 94,647 runs in the database. 100,000 is limit for installed edition.
