vmanager: *I,MERGL1: Preparing icc target model ...
vmanager: *I,MERGL1: Doing model union ...
vmanager: *I,MERGL2:   With primary run (/home/grads/s/saimanish.gopu/csce_616/lab-10-SaiManishGopu/lab10/sim/regression/htax_regress.saimanish.gopu.23_12_05_21_25_55_6685/merged_ucds/default/1701839575332): /home/grads/s/saimanish.gopu/csce_616/lab-10-SaiManishGopu/lab10/sim/regression/htax_regress.saimanish.gopu.23_12_05_21_25_55_6685/merged_ucds/default/1701839575332/icc_4e8e3c4e_0a9c82fa.ucm(merged)
vmanager: *I,MERGL1: Target model generated successfully.
vmanager: *I,MERGL1: Projecting data into the target model ...
vmanager: *I,MERGL2:   /home/grads/s/saimanish.gopu/csce_616/lab-10-SaiManishGopu/lab10/sim/regression/htax_regress.saimanish.gopu.23_12_05_21_25_55_6685/chain_0/all_test/run_440/cov_work/scope/test_sv-104811553:
vmanager: *I,MERGL3:       Data is projected in to the target model.
vmanager: *I,MERGL2:   /home/grads/s/saimanish.gopu/csce_616/lab-10-SaiManishGopu/lab10/sim/regression/htax_regress.saimanish.gopu.23_12_05_21_25_55_6685/chain_0/all_test/run_441/cov_work/scope/test_sv1304430190:
vmanager: *I,MERGL3:       Data is projected in to the target model.
vmanager: *I,MERGL2:   /home/grads/s/saimanish.gopu/csce_616/lab-10-SaiManishGopu/lab10/sim/regression/htax_regress.saimanish.gopu.23_12_05_21_25_55_6685/chain_0/all_test/run_442/cov_work/scope/test_sv-1010820223:
vmanager: *I,MERGL3:       Data is projected in to the target model.
vmanager: *I,MERGL2:   /home/grads/s/saimanish.gopu/csce_616/lab-10-SaiManishGopu/lab10/sim/regression/htax_regress.saimanish.gopu.23_12_05_21_25_55_6685/chain_0/all_test/run_443/cov_work/scope/test_sv734008077:
vmanager: *I,MERGL3:       Data is projected in to the target model.
vmanager: *I,MERGL2:   /home/grads/s/saimanish.gopu/csce_616/lab-10-SaiManishGopu/lab10/sim/regression/htax_regress.saimanish.gopu.23_12_05_21_25_55_6685/chain_0/all_test/run_444/cov_work/scope/test_sv666904246:
vmanager: *I,MERGL3:       Data is projected in to the target model.
vmanager: *I,MERGL2:   /home/grads/s/saimanish.gopu/csce_616/lab-10-SaiManishGopu/lab10/sim/regression/htax_regress.saimanish.gopu.23_12_05_21_25_55_6685/chain_0/all_test/run_445/cov_work/scope/test_sv801127063:
vmanager: *I,MERGL3:       Data is projected in to the target model.
vmanager: *I,MERGL2:   /home/grads/s/saimanish.gopu/csce_616/lab-10-SaiManishGopu/lab10/sim/regression/htax_regress.saimanish.gopu.23_12_05_21_25_55_6685/chain_0/all_test/run_446/cov_work/scope/test_sv-1608495448:
vmanager: *I,MERGL3:       Data is projected in to the target model.
vmanager: *I,MERGL2:   /home/grads/s/saimanish.gopu/csce_616/lab-10-SaiManishGopu/lab10/sim/regression/htax_regress.saimanish.gopu.23_12_05_21_25_55_6685/chain_0/all_test/run_447/cov_work/scope/test_sv1478510092:
vmanager: *I,MERGL3:       Data is projected in to the target model.
vmanager: *I,MERGL2:   /home/grads/s/saimanish.gopu/csce_616/lab-10-SaiManishGopu/lab10/sim/regression/htax_regress.saimanish.gopu.23_12_05_21_25_55_6685/chain_0/all_test/run_448/cov_work/scope/test_sv-1809818979:
vmanager: *I,MERGL3:       Data is projected in to the target model.
vmanager: *I,MERGL2:   /home/grads/s/saimanish.gopu/csce_616/lab-10-SaiManishGopu/lab10/sim/regression/htax_regress.saimanish.gopu.23_12_05_21_25_55_6685/chain_0/all_test/run_449/cov_work/scope/test_sv-333418825:
vmanager: *I,MERGL3:       Data is projected in to the target model.
vmanager: *I,MERGL2:   /home/grads/s/saimanish.gopu/csce_616/lab-10-SaiManishGopu/lab10/sim/regression/htax_regress.saimanish.gopu.23_12_05_21_25_55_6685/chain_0/all_test/run_450/cov_work/scope/test_sv-1843370376:
vmanager: *I,MERGL3:       Data is projected in to the target model.
vmanager: *I,MERGL2:   /home/grads/s/saimanish.gopu/csce_616/lab-10-SaiManishGopu/lab10/sim/regression/htax_regress.saimanish.gopu.23_12_05_21_25_55_6685/chain_0/all_test/run_451/cov_work/scope/test_sv-1172276668:
vmanager: *I,MERGL3:       Data is projected in to the target model.
vmanager: *I,MERGL2:   /home/grads/s/saimanish.gopu/csce_616/lab-10-SaiManishGopu/lab10/sim/regression/htax_regress.saimanish.gopu.23_12_05_21_25_55_6685/chain_0/all_test/run_452/cov_work/scope/test_sv1981845315:
vmanager: *I,MERGL3:       Data is projected in to the target model.
vmanager: *I,MERGL2:   /home/grads/s/saimanish.gopu/csce_616/lab-10-SaiManishGopu/lab10/sim/regression/htax_regress.saimanish.gopu.23_12_05_21_25_55_6685/chain_0/all_test/run_453/cov_work/scope/test_sv-1105165549:
vmanager: *I,MERGL3:       Data is projected in to the target model.
vmanager: *I,MERGL2:   /home/grads/s/saimanish.gopu/csce_616/lab-10-SaiManishGopu/lab10/sim/regression/htax_regress.saimanish.gopu.23_12_05_21_25_55_6685/chain_0/all_test/run_454/cov_work/scope/test_sv-1323264624:
vmanager: *I,MERGL3:       Data is projected in to the target model.
vmanager: *I,MERGL2:   /home/grads/s/saimanish.gopu/csce_616/lab-10-SaiManishGopu/lab10/sim/regression/htax_regress.saimanish.gopu.23_12_05_21_25_55_6685/chain_0/all_test/run_455/cov_work/scope/test_sv-2061456722:
vmanager: *I,MERGL3:       Data is projected in to the target model.
vmanager: *I,MERGL2:   /home/grads/s/saimanish.gopu/csce_616/lab-10-SaiManishGopu/lab10/sim/regression/htax_regress.saimanish.gopu.23_12_05_21_25_55_6685/chain_0/all_test/run_456/cov_work/scope/test_sv220242403:
vmanager: *I,MERGL3:       Data is projected in to the target model.
vmanager: *I,MERGL2:   /home/grads/s/saimanish.gopu/csce_616/lab-10-SaiManishGopu/lab10/sim/regression/htax_regress.saimanish.gopu.23_12_05_21_25_55_6685/chain_0/all_test/run_457/cov_work/scope/test_sv2099294773:
vmanager: *I,MERGL3:       Data is projected in to the target model.
vmanager: *I,MERGL2:   /home/grads/s/saimanish.gopu/csce_616/lab-10-SaiManishGopu/lab10/sim/regression/htax_regress.saimanish.gopu.23_12_05_21_25_55_6685/chain_0/all_test/run_458/cov_work/scope/test_sv1931478160:
vmanager: *I,MERGL3:       Data is projected in to the target model.
vmanager: *I,MERGL2:   /home/grads/s/saimanish.gopu/csce_616/lab-10-SaiManishGopu/lab10/sim/regression/htax_regress.saimanish.gopu.23_12_05_21_25_55_6685/chain_0/all_test/run_459/cov_work/scope/test_sv-81781287:
vmanager: *I,MERGL3:       Data is projected in to the target model.
vmanager: *I,MERGL2:   /home/grads/s/saimanish.gopu/csce_616/lab-10-SaiManishGopu/lab10/sim/regression/htax_regress.saimanish.gopu.23_12_05_21_25_55_6685/chain_0/all_test/run_460/cov_work/scope/test_sv1998590083:
vmanager: *I,MERGL3:       Data is projected in to the target model.
vmanager: *I,MERGL2:   /home/grads/s/saimanish.gopu/csce_616/lab-10-SaiManishGopu/lab10/sim/regression/htax_regress.saimanish.gopu.23_12_05_21_25_55_6685/chain_0/all_test/run_461/cov_work/scope/test_sv1084237035:
vmanager: *I,MERGL3:       Data is projected in to the target model.
vmanager: *I,MERGL2:   /home/grads/s/saimanish.gopu/csce_616/lab-10-SaiManishGopu/lab10/sim/regression/htax_regress.saimanish.gopu.23_12_05_21_25_55_6685/chain_0/all_test/run_462/cov_work/scope/test_sv1889549737:
vmanager: *I,MERGL3:       Data is projected in to the target model.
vmanager: *I,MERGL2:   /home/grads/s/saimanish.gopu/csce_616/lab-10-SaiManishGopu/lab10/sim/regression/htax_regress.saimanish.gopu.23_12_05_21_25_55_6685/chain_0/all_test/run_463/cov_work/scope/test_sv413151845:
vmanager: *I,MERGL3:       Data is projected in to the target model.
vmanager: *I,MERGL2:   /home/grads/s/saimanish.gopu/csce_616/lab-10-SaiManishGopu/lab10/sim/regression/htax_regress.saimanish.gopu.23_12_05_21_25_55_6685/chain_0/all_test/run_465/cov_work/scope/test_sv-1801436789:
vmanager: *I,MERGL3:       Data is projected in to the target model.
vmanager: *I,MERGL2:   /home/grads/s/saimanish.gopu/csce_616/lab-10-SaiManishGopu/lab10/sim/regression/htax_regress.saimanish.gopu.23_12_05_21_25_55_6685/chain_0/all_test/run_466/cov_work/scope/test_sv748706029:
vmanager: *I,MERGL3:       Data is projected in to the target model.
vmanager: *I,MERGL2:   /home/grads/s/saimanish.gopu/csce_616/lab-10-SaiManishGopu/lab10/sim/regression/htax_regress.saimanish.gopu.23_12_05_21_25_55_6685/chain_0/all_test/run_467/cov_work/scope/test_sv2090889145:
vmanager: *I,MERGL3:       Data is projected in to the target model.
vmanager: *I,MERGL2:   /home/grads/s/saimanish.gopu/csce_616/lab-10-SaiManishGopu/lab10/sim/regression/htax_regress.saimanish.gopu.23_12_05_21_25_55_6685/chain_0/all_test/run_469/cov_work/scope/test_sv-1969193631:
vmanager: *I,MERGL3:       Data is projected in to the target model.
vmanager: *I,MERGL2:   /home/grads/s/saimanish.gopu/csce_616/lab-10-SaiManishGopu/lab10/sim/regression/htax_regress.saimanish.gopu.23_12_05_21_25_55_6685/chain_0/all_test/run_470/cov_work/scope/test_sv-2036305751:
vmanager: *I,MERGL3:       Data is projected in to the target model.
vmanager: *I,MERGL2:   /home/grads/s/saimanish.gopu/csce_616/lab-10-SaiManishGopu/lab10/sim/regression/htax_regress.saimanish.gopu.23_12_05_21_25_55_6685/chain_0/all_test/run_472/cov_work/scope/test_sv-1365205251:
vmanager: *I,MERGL3:       Data is projected in to the target model.
vmanager: *I,MERGL2:   /home/grads/s/saimanish.gopu/csce_616/lab-10-SaiManishGopu/lab10/sim/regression/htax_regress.saimanish.gopu.23_12_05_21_25_55_6685/chain_0/all_test/run_473/cov_work/scope/test_sv27301421:
vmanager: *I,MERGL3:       Data is projected in to the target model.
vmanager: *I,MERGL2:   /home/grads/s/saimanish.gopu/csce_616/lab-10-SaiManishGopu/lab10/sim/regression/htax_regress.saimanish.gopu.23_12_05_21_25_55_6685/chain_0/all_test/run_474/cov_work/scope/test_sv1369484748:
vmanager: *I,MERGL3:       Data is projected in to the target model.
vmanager: *I,MERGL2:   /home/grads/s/saimanish.gopu/csce_616/lab-10-SaiManishGopu/lab10/sim/regression/htax_regress.saimanish.gopu.23_12_05_21_25_55_6685/chain_0/all_test/run_475/cov_work/scope/test_sv-375348208:
vmanager: *I,MERGL3:       Data is projected in to the target model.
vmanager: *I,MERGL2:   /home/grads/s/saimanish.gopu/csce_616/lab-10-SaiManishGopu/lab10/sim/regression/htax_regress.saimanish.gopu.23_12_05_21_25_55_6685/chain_0/all_test/run_476/cov_work/scope/test_sv94418944:
vmanager: *I,MERGL3:       Data is projected in to the target model.
vmanager: *I,MERGL2:   /home/grads/s/saimanish.gopu/csce_616/lab-10-SaiManishGopu/lab10/sim/regression/htax_regress.saimanish.gopu.23_12_05_21_25_55_6685/chain_0/all_test/run_478/cov_work/scope/test_sv1302332629:
vmanager: *I,MERGL3:       Data is projected in to the target model.
vmanager: *I,MERGL2:   /home/grads/s/saimanish.gopu/csce_616/lab-10-SaiManishGopu/lab10/sim/regression/htax_regress.saimanish.gopu.23_12_05_21_25_55_6685/chain_0/all_test/run_479/cov_work/scope/test_sv-2086658718:
vmanager: *I,MERGL3:       Data is projected in to the target model.
vmanager: *I,MERGL2:   /home/grads/s/saimanish.gopu/csce_616/lab-10-SaiManishGopu/lab10/sim/regression/htax_regress.saimanish.gopu.23_12_05_21_25_55_6685/chain_0/all_test/run_480/cov_work/scope/test_sv195039622:
vmanager: *I,MERGL3:       Data is projected in to the target model.
vmanager: *I,MERGL1: Projecting data into the target model ...
vmanager: *I,MERGL2:   /home/grads/s/saimanish.gopu/csce_616/lab-10-SaiManishGopu/lab10/sim/regression/htax_regress.saimanish.gopu.23_12_05_21_25_55_6685/chain_0/all_test/run_464/cov_work/scope/test_sv-996127911:
vmanager: *I,MERGL3:       Data is projected in to the target model.
vmanager: *I,MERGL2:   /home/grads/s/saimanish.gopu/csce_616/lab-10-SaiManishGopu/lab10/sim/regression/htax_regress.saimanish.gopu.23_12_05_21_25_55_6685/chain_0/all_test/run_468/cov_work/scope/test_sv-761239708:
vmanager: *I,MERGL3:       Data is projected in to the target model.
vmanager: *I,MERGL2:   /home/grads/s/saimanish.gopu/csce_616/lab-10-SaiManishGopu/lab10/sim/regression/htax_regress.saimanish.gopu.23_12_05_21_25_55_6685/chain_0/all_test/run_471/cov_work/scope/test_sv-694122404:
vmanager: *I,MERGL3:       Data is projected in to the target model.
vmanager: *I,MERGL2:   /home/grads/s/saimanish.gopu/csce_616/lab-10-SaiManishGopu/lab10/sim/regression/htax_regress.saimanish.gopu.23_12_05_21_25_55_6685/chain_0/all_test/run_477/cov_work/scope/test_sv899723434:
vmanager: *I,MERGL3:       Data is projected in to the target model.
vmanager: *I,MERGL1: Writing icc data to /home/grads/s/saimanish.gopu/csce_616/lab-10-SaiManishGopu/lab10/sim/regression/htax_regress.saimanish.gopu.23_12_05_21_25_55_6685/merged_ucds/default/1701840354898/merged_tests/icc_4e8e3c4e_0a9c82fa.ucd(merged)
vmanager: *I,coverage.merge_op_done_no_warns: Merge operation (session runs merge) is done without any conflicts.
