vmanager: *I,MERGL1: Preparing icc target model ...
vmanager: *I,MERGL1: Doing model union ...
vmanager: *I,MERGL2:   With primary run (/home/grads/s/saimanish.gopu/csce_616/lab-10-SaiManishGopu/lab10/sim/regression/htax_regress.saimanish.gopu.23_12_05_19_53_17_5188/model_dir): /home/grads/s/saimanish.gopu/csce_616/lab-10-SaiManishGopu/lab10/sim/regression/htax_regress.saimanish.gopu.23_12_05_19_53_17_5188/model_dir/icc_4e8e3c4e_0a9c82fa.ucm
vmanager: *I,MERGL1: Target model generated successfully.
vmanager: *I,MERGL1: Projecting data into the target model ...
vmanager: *I,MERGL2:   /home/grads/s/saimanish.gopu/csce_616/lab-10-SaiManishGopu/lab10/sim/regression/htax_regress.saimanish.gopu.23_12_05_19_53_17_5188/chain_0/all_test/run_1/cov_work/scope/test_sv875265796:
vmanager: *I,MERGL3:       Data is projected in to the target model.
vmanager: *I,MERGL2:   /home/grads/s/saimanish.gopu/csce_616/lab-10-SaiManishGopu/lab10/sim/regression/htax_regress.saimanish.gopu.23_12_05_19_53_17_5188/chain_0/all_test/run_2/cov_work/scope/test_sv-2111085318:
vmanager: *I,MERGL3:       Data is projected in to the target model.
vmanager: *I,MERGL2:   /home/grads/s/saimanish.gopu/csce_616/lab-10-SaiManishGopu/lab10/sim/regression/htax_regress.saimanish.gopu.23_12_05_19_53_17_5188/chain_0/all_test/run_3/cov_work/scope/test_sv-1842648437:
vmanager: *I,MERGL3:       Data is projected in to the target model.
vmanager: *I,MERGL2:   /home/grads/s/saimanish.gopu/csce_616/lab-10-SaiManishGopu/lab10/sim/regression/htax_regress.saimanish.gopu.23_12_05_19_53_17_5188/chain_0/all_test/run_4/cov_work/scope/test_sv1244353616:
vmanager: *I,MERGL3:       Data is projected in to the target model.
vmanager: *I,MERGL2:   /home/grads/s/saimanish.gopu/csce_616/lab-10-SaiManishGopu/lab10/sim/regression/htax_regress.saimanish.gopu.23_12_05_19_53_17_5188/chain_0/all_test/run_5/cov_work/scope/test_sv975920132:
vmanager: *I,MERGL3:       Data is projected in to the target model.
vmanager: *I,MERGL2:   /home/grads/s/saimanish.gopu/csce_616/lab-10-SaiManishGopu/lab10/sim/regression/htax_regress.saimanish.gopu.23_12_05_19_53_17_5188/chain_0/all_test/run_6/cov_work/scope/test_sv640370552:
vmanager: *I,MERGL3:       Data is projected in to the target model.
vmanager: *I,MERGL2:   /home/grads/s/saimanish.gopu/csce_616/lab-10-SaiManishGopu/lab10/sim/regression/htax_regress.saimanish.gopu.23_12_05_19_53_17_5188/chain_0/all_test/run_7/cov_work/scope/test_sv1445678875:
vmanager: *I,MERGL3:       Data is projected in to the target model.
vmanager: *I,MERGL2:   /home/grads/s/saimanish.gopu/csce_616/lab-10-SaiManishGopu/lab10/sim/regression/htax_regress.saimanish.gopu.23_12_05_19_53_17_5188/chain_0/all_test/run_8/cov_work/scope/test_sv-1909721116:
vmanager: *I,MERGL3:       Data is projected in to the target model.
vmanager: *I,MERGL2:   /home/grads/s/saimanish.gopu/csce_616/lab-10-SaiManishGopu/lab10/sim/regression/htax_regress.saimanish.gopu.23_12_05_19_53_17_5188/chain_0/all_test/run_9/cov_work/scope/test_sv-299110114:
vmanager: *I,MERGL3:       Data is projected in to the target model.
vmanager: *I,MERGL2:   /home/grads/s/saimanish.gopu/csce_616/lab-10-SaiManishGopu/lab10/sim/regression/htax_regress.saimanish.gopu.23_12_05_19_53_17_5188/chain_0/all_test/run_10/cov_work/scope/test_sv1093400780:
vmanager: *I,MERGL3:       Data is projected in to the target model.
vmanager: *I,MERGL2:   /home/grads/s/saimanish.gopu/csce_616/lab-10-SaiManishGopu/lab10/sim/regression/htax_regress.saimanish.gopu.23_12_05_19_53_17_5188/chain_0/all_test/run_11/cov_work/scope/test_sv-785653152:
vmanager: *I,MERGL3:       Data is projected in to the target model.
vmanager: *I,MERGL2:   /home/grads/s/saimanish.gopu/csce_616/lab-10-SaiManishGopu/lab10/sim/regression/htax_regress.saimanish.gopu.23_12_05_19_53_17_5188/chain_0/all_test/run_12/cov_work/scope/test_sv-1725175251:
vmanager: *I,MERGL3:       Data is projected in to the target model.
vmanager: *I,MERGL2:   /home/grads/s/saimanish.gopu/csce_616/lab-10-SaiManishGopu/lab10/sim/regression/htax_regress.saimanish.gopu.23_12_05_19_53_17_5188/chain_0/all_test/run_13/cov_work/scope/test_sv-450112150:
vmanager: *I,MERGL3:       Data is projected in to the target model.
vmanager: *I,MERGL2:   /home/grads/s/saimanish.gopu/csce_616/lab-10-SaiManishGopu/lab10/sim/regression/htax_regress.saimanish.gopu.23_12_05_19_53_17_5188/chain_0/all_test/run_14/cov_work/scope/test_sv-315892245:
vmanager: *I,MERGL3:       Data is projected in to the target model.
vmanager: *I,MERGL2:   /home/grads/s/saimanish.gopu/csce_616/lab-10-SaiManishGopu/lab10/sim/regression/htax_regress.saimanish.gopu.23_12_05_19_53_17_5188/chain_0/all_test/run_15/cov_work/scope/test_sv590071173:
vmanager: *I,MERGL3:       Data is projected in to the target model.
vmanager: *I,MERGL2:   /home/grads/s/saimanish.gopu/csce_616/lab-10-SaiManishGopu/lab10/sim/regression/htax_regress.saimanish.gopu.23_12_05_19_53_17_5188/chain_0/all_test/run_16/cov_work/scope/test_sv-1960063589:
vmanager: *I,MERGL3:       Data is projected in to the target model.
vmanager: *I,MERGL2:   /home/grads/s/saimanish.gopu/csce_616/lab-10-SaiManishGopu/lab10/sim/regression/htax_regress.saimanish.gopu.23_12_05_19_53_17_5188/chain_0/all_test/run_17/cov_work/scope/test_sv-81021929:
vmanager: *I,MERGL3:       Data is projected in to the target model.
vmanager: *I,MERGL2:   /home/grads/s/saimanish.gopu/csce_616/lab-10-SaiManishGopu/lab10/sim/regression/htax_regress.saimanish.gopu.23_12_05_19_53_17_5188/chain_0/all_test/run_18/cov_work/scope/test_sv925613056:
vmanager: *I,MERGL3:       Data is projected in to the target model.
vmanager: *I,MERGL2:   /home/grads/s/saimanish.gopu/csce_616/lab-10-SaiManishGopu/lab10/sim/regression/htax_regress.saimanish.gopu.23_12_05_19_53_17_5188/chain_0/all_test/run_19/cov_work/scope/test_sv11248929:
vmanager: *I,MERGL3:       Data is projected in to the target model.
vmanager: *I,MERGL2:   /home/grads/s/saimanish.gopu/csce_616/lab-10-SaiManishGopu/lab10/sim/regression/htax_regress.saimanish.gopu.23_12_05_19_53_17_5188/chain_0/all_test/run_20/cov_work/scope/test_sv-257185040:
vmanager: *I,MERGL3:       Data is projected in to the target model.
vmanager: *I,MERGL2:   /home/grads/s/saimanish.gopu/csce_616/lab-10-SaiManishGopu/lab10/sim/regression/htax_regress.saimanish.gopu.23_12_05_19_53_17_5188/chain_0/all_test/run_21/cov_work/scope/test_sv413898054:
vmanager: *I,MERGL3:       Data is projected in to the target model.
vmanager: *I,MERGL2:   /home/grads/s/saimanish.gopu/csce_616/lab-10-SaiManishGopu/lab10/sim/regression/htax_regress.saimanish.gopu.23_12_05_19_53_17_5188/chain_0/all_test/run_22/cov_work/scope/test_sv-2069127976:
vmanager: *I,MERGL3:       Data is projected in to the target model.
vmanager: *I,MERGL2:   /home/grads/s/saimanish.gopu/csce_616/lab-10-SaiManishGopu/lab10/sim/regression/htax_regress.saimanish.gopu.23_12_05_19_53_17_5188/chain_0/all_test/run_23/cov_work/scope/test_sv1420527521:
vmanager: *I,MERGL3:       Data is projected in to the target model.
vmanager: *I,MERGL2:   /home/grads/s/saimanish.gopu/csce_616/lab-10-SaiManishGopu/lab10/sim/regression/htax_regress.saimanish.gopu.23_12_05_19_53_17_5188/chain_0/all_test/run_24/cov_work/scope/test_sv-1398046458:
vmanager: *I,MERGL3:       Data is projected in to the target model.
vmanager: *I,MERGL2:   /home/grads/s/saimanish.gopu/csce_616/lab-10-SaiManishGopu/lab10/sim/regression/htax_regress.saimanish.gopu.23_12_05_19_53_17_5188/chain_0/all_test/run_25/cov_work/scope/test_sv2091616736:
vmanager: *I,MERGL3:       Data is projected in to the target model.
vmanager: *I,MERGL2:   /home/grads/s/saimanish.gopu/csce_616/lab-10-SaiManishGopu/lab10/sim/regression/htax_regress.saimanish.gopu.23_12_05_19_53_17_5188/chain_0/all_test/run_26/cov_work/scope/test_sv-1834258394:
vmanager: *I,MERGL3:       Data is projected in to the target model.
vmanager: *I,MERGL2:   /home/grads/s/saimanish.gopu/csce_616/lab-10-SaiManishGopu/lab10/sim/regression/htax_regress.saimanish.gopu.23_12_05_19_53_17_5188/chain_0/all_test/run_27/cov_work/scope/test_sv1252746319:
vmanager: *I,MERGL3:       Data is projected in to the target model.
vmanager: *I,MERGL2:   /home/grads/s/saimanish.gopu/csce_616/lab-10-SaiManishGopu/lab10/sim/regression/htax_regress.saimanish.gopu.23_12_05_19_53_17_5188/chain_0/all_test/run_28/cov_work/scope/test_sv1521183036:
vmanager: *I,MERGL3:       Data is projected in to the target model.
vmanager: *I,MERGL2:   /home/grads/s/saimanish.gopu/csce_616/lab-10-SaiManishGopu/lab10/sim/regression/htax_regress.saimanish.gopu.23_12_05_19_53_17_5188/chain_0/all_test/run_31/cov_work/scope/test_sv-156502970:
vmanager: *I,MERGL3:       Data is projected in to the target model.
vmanager: *I,MERGL2:   /home/grads/s/saimanish.gopu/csce_616/lab-10-SaiManishGopu/lab10/sim/regression/htax_regress.saimanish.gopu.23_12_05_19_53_17_5188/chain_0/all_test/run_32/cov_work/scope/test_sv514587088:
vmanager: *I,MERGL3:       Data is projected in to the target model.
vmanager: *I,MERGL2:   /home/grads/s/saimanish.gopu/csce_616/lab-10-SaiManishGopu/lab10/sim/regression/htax_regress.saimanish.gopu.23_12_05_19_53_17_5188/chain_0/all_test/run_33/cov_work/scope/test_sv-2119439163:
vmanager: *I,MERGL3:       Data is projected in to the target model.
vmanager: *I,MERGL2:   /home/grads/s/saimanish.gopu/csce_616/lab-10-SaiManishGopu/lab10/sim/regression/htax_regress.saimanish.gopu.23_12_05_19_53_17_5188/chain_0/all_test/run_34/cov_work/scope/test_sv-1314139782:
vmanager: *I,MERGL3:       Data is projected in to the target model.
vmanager: *I,MERGL2:   /home/grads/s/saimanish.gopu/csce_616/lab-10-SaiManishGopu/lab10/sim/regression/htax_regress.saimanish.gopu.23_12_05_19_53_17_5188/chain_0/all_test/run_35/cov_work/scope/test_sv1772863739:
vmanager: *I,MERGL3:       Data is projected in to the target model.
vmanager: *I,MERGL2:   /home/grads/s/saimanish.gopu/csce_616/lab-10-SaiManishGopu/lab10/sim/regression/htax_regress.saimanish.gopu.23_12_05_19_53_17_5188/chain_0/all_test/run_36/cov_work/scope/test_sv-106187992:
vmanager: *I,MERGL3:       Data is projected in to the target model.
vmanager: *I,MERGL2:   /home/grads/s/saimanish.gopu/csce_616/lab-10-SaiManishGopu/lab10/sim/regression/htax_regress.saimanish.gopu.23_12_05_19_53_17_5188/chain_0/all_test/run_37/cov_work/scope/test_sv1437312064:
vmanager: *I,MERGL3:       Data is projected in to the target model.
vmanager: *I,MERGL2:   /home/grads/s/saimanish.gopu/csce_616/lab-10-SaiManishGopu/lab10/sim/regression/htax_regress.saimanish.gopu.23_12_05_19_53_17_5188/chain_0/all_test/run_40/cov_work/scope/test_sv598448704:
vmanager: *I,MERGL3:       Data is projected in to the target model.
vmanager: *I,MERGL2:   /home/grads/s/saimanish.gopu/csce_616/lab-10-SaiManishGopu/lab10/sim/regression/htax_regress.saimanish.gopu.23_12_05_19_53_17_5188/chain_0/all_test/run_42/cov_work/scope/test_sv-1414826370:
vmanager: *I,MERGL3:       Data is projected in to the target model.
vmanager: *I,MERGL2:   /home/grads/s/saimanish.gopu/csce_616/lab-10-SaiManishGopu/lab10/sim/regression/htax_regress.saimanish.gopu.23_12_05_19_53_17_5188/chain_0/all_test/run_43/cov_work/scope/test_sv-72648534:
vmanager: *I,MERGL3:       Data is projected in to the target model.
vmanager: *I,MERGL2:   /home/grads/s/saimanish.gopu/csce_616/lab-10-SaiManishGopu/lab10/sim/regression/htax_regress.saimanish.gopu.23_12_05_19_53_17_5188/chain_0/all_test/run_44/cov_work/scope/test_sv-1750375560:
vmanager: *I,MERGL3:       Data is projected in to the target model.
vmanager: *I,MERGL2:   /home/grads/s/saimanish.gopu/csce_616/lab-10-SaiManishGopu/lab10/sim/regression/htax_regress.saimanish.gopu.23_12_05_19_53_17_5188/chain_0/all_test/run_45/cov_work/scope/test_sv1336629217:
vmanager: *I,MERGL3:       Data is projected in to the target model.
vmanager: *I,MERGL2:   /home/grads/s/saimanish.gopu/csce_616/lab-10-SaiManishGopu/lab10/sim/regression/htax_regress.saimanish.gopu.23_12_05_19_53_17_5188/chain_0/all_test/run_46/cov_work/scope/test_sv-1079289129:
vmanager: *I,MERGL3:       Data is projected in to the target model.
vmanager: *I,MERGL2:   /home/grads/s/saimanish.gopu/csce_616/lab-10-SaiManishGopu/lab10/sim/regression/htax_regress.saimanish.gopu.23_12_05_19_53_17_5188/chain_0/all_test/run_47/cov_work/scope/test_sv-529841453:
vmanager: *I,MERGL3:       Data is projected in to the target model.
vmanager: *I,MERGL2:   /home/grads/s/saimanish.gopu/csce_616/lab-10-SaiManishGopu/lab10/sim/regression/htax_regress.saimanish.gopu.23_12_05_19_53_17_5188/chain_0/all_test/run_49/cov_work/scope/test_sv-395576081:
vmanager: *I,MERGL3:       Data is projected in to the target model.
vmanager: *I,MERGL2:   /home/grads/s/saimanish.gopu/csce_616/lab-10-SaiManishGopu/lab10/sim/regression/htax_regress.saimanish.gopu.23_12_05_19_53_17_5188/chain_0/all_test/run_50/cov_work/scope/test_sv1147920881:
vmanager: *I,MERGL3:       Data is projected in to the target model.
vmanager: *I,MERGL2:   /home/grads/s/saimanish.gopu/csce_616/lab-10-SaiManishGopu/lab10/sim/regression/htax_regress.saimanish.gopu.23_12_05_19_53_17_5188/chain_0/all_test/run_52/cov_work/scope/test_sv1282137265:
vmanager: *I,MERGL3:       Data is projected in to the target model.
vmanager: *I,MERGL2:   /home/grads/s/saimanish.gopu/csce_616/lab-10-SaiManishGopu/lab10/sim/regression/htax_regress.saimanish.gopu.23_12_05_19_53_17_5188/chain_0/all_test/run_53/cov_work/scope/test_sv-1133787185:
vmanager: *I,MERGL3:       Data is projected in to the target model.
vmanager: *I,MERGL2:   /home/grads/s/saimanish.gopu/csce_616/lab-10-SaiManishGopu/lab10/sim/regression/htax_regress.saimanish.gopu.23_12_05_19_53_17_5188/chain_0/all_test/run_54/cov_work/scope/test_sv-496252409:
vmanager: *I,MERGL3:       Data is projected in to the target model.
vmanager: *I,MERGL2:   /home/grads/s/saimanish.gopu/csce_616/lab-10-SaiManishGopu/lab10/sim/regression/htax_regress.saimanish.gopu.23_12_05_19_53_17_5188/chain_0/all_test/run_55/cov_work/scope/test_sv-1972653135:
vmanager: *I,MERGL3:       Data is projected in to the target model.
vmanager: *I,MERGL2:   /home/grads/s/saimanish.gopu/csce_616/lab-10-SaiManishGopu/lab10/sim/regression/htax_regress.saimanish.gopu.23_12_05_19_53_17_5188/chain_0/all_test/run_56/cov_work/scope/test_sv1517009239:
vmanager: *I,MERGL3:       Data is projected in to the target model.
vmanager: *I,MERGL2:   /home/grads/s/saimanish.gopu/csce_616/lab-10-SaiManishGopu/lab10/sim/regression/htax_regress.saimanish.gopu.23_12_05_19_53_17_5188/chain_0/all_test/run_57/cov_work/scope/test_sv-1502892276:
vmanager: *I,MERGL3:       Data is projected in to the target model.
vmanager: *I,MERGL2:   /home/grads/s/saimanish.gopu/csce_616/lab-10-SaiManishGopu/lab10/sim/regression/htax_regress.saimanish.gopu.23_12_05_19_53_17_5188/chain_0/all_test/run_59/cov_work/scope/test_sv778804547:
vmanager: *I,MERGL3:       Data is projected in to the target model.
vmanager: *I,MERGL2:   /home/grads/s/saimanish.gopu/csce_616/lab-10-SaiManishGopu/lab10/sim/regression/htax_regress.saimanish.gopu.23_12_05_19_53_17_5188/chain_0/all_test/run_60/cov_work/scope/test_sv-1100250965:
vmanager: *I,MERGL3:       Data is projected in to the target model.
vmanager: *I,MERGL2:   /home/grads/s/saimanish.gopu/csce_616/lab-10-SaiManishGopu/lab10/sim/regression/htax_regress.saimanish.gopu.23_12_05_19_53_17_5188/chain_0/all_test/run_62/cov_work/scope/test_sv-1318355370:
vmanager: *I,MERGL3:       Data is projected in to the target model.
vmanager: *I,MERGL2:   /home/grads/s/saimanish.gopu/csce_616/lab-10-SaiManishGopu/lab10/sim/regression/htax_regress.saimanish.gopu.23_12_05_19_53_17_5188/chain_0/all_test/run_63/cov_work/scope/test_sv426468549:
vmanager: *I,MERGL3:       Data is projected in to the target model.
vmanager: *I,MERGL2:   /home/grads/s/saimanish.gopu/csce_616/lab-10-SaiManishGopu/lab10/sim/regression/htax_regress.saimanish.gopu.23_12_05_19_53_17_5188/chain_0/all_test/run_64/cov_work/scope/test_sv90926462:
vmanager: *I,MERGL3:       Data is projected in to the target model.
vmanager: *I,MERGL2:   /home/grads/s/saimanish.gopu/csce_616/lab-10-SaiManishGopu/lab10/sim/regression/htax_regress.saimanish.gopu.23_12_05_19_53_17_5188/chain_0/all_test/run_65/cov_work/scope/test_sv-1788129254:
vmanager: *I,MERGL3:       Data is projected in to the target model.
vmanager: *I,MERGL2:   /home/grads/s/saimanish.gopu/csce_616/lab-10-SaiManishGopu/lab10/sim/regression/htax_regress.saimanish.gopu.23_12_05_19_53_17_5188/chain_0/all_test/run_68/cov_work/scope/test_sv2104183066:
vmanager: *I,MERGL3:       Data is projected in to the target model.
vmanager: *I,MERGL2:   /home/grads/s/saimanish.gopu/csce_616/lab-10-SaiManishGopu/lab10/sim/regression/htax_regress.saimanish.gopu.23_12_05_19_53_17_5188/chain_0/all_test/run_69/cov_work/scope/test_sv1399586210:
vmanager: *I,MERGL3:       Data is projected in to the target model.
vmanager: *I,MERGL2:   /home/grads/s/saimanish.gopu/csce_616/lab-10-SaiManishGopu/lab10/sim/regression/htax_regress.saimanish.gopu.23_12_05_19_53_17_5188/chain_0/all_test/run_70/cov_work/scope/test_sv1802235053:
vmanager: *I,MERGL3:       Data is projected in to the target model.
vmanager: *I,MERGL2:   /home/grads/s/saimanish.gopu/csce_616/lab-10-SaiManishGopu/lab10/sim/regression/htax_regress.saimanish.gopu.23_12_05_19_53_17_5188/chain_0/all_test/run_71/cov_work/scope/test_sv-949234167:
vmanager: *I,MERGL3:       Data is projected in to the target model.
vmanager: *I,MERGL2:   /home/grads/s/saimanish.gopu/csce_616/lab-10-SaiManishGopu/lab10/sim/regression/htax_regress.saimanish.gopu.23_12_05_19_53_17_5188/chain_0/all_test/run_72/cov_work/scope/test_sv-1217668373:
vmanager: *I,MERGL3:       Data is projected in to the target model.
vmanager: *I,MERGL2:   /home/grads/s/saimanish.gopu/csce_616/lab-10-SaiManishGopu/lab10/sim/regression/htax_regress.saimanish.gopu.23_12_05_19_53_17_5188/chain_0/all_test/run_73/cov_work/scope/test_sv1600897782:
vmanager: *I,MERGL3:       Data is projected in to the target model.
vmanager: *I,MERGL2:   /home/grads/s/saimanish.gopu/csce_616/lab-10-SaiManishGopu/lab10/sim/regression/htax_regress.saimanish.gopu.23_12_05_19_53_17_5188/chain_0/all_test/run_74/cov_work/scope/test_sv552323355:
vmanager: *I,MERGL3:       Data is projected in to the target model.
vmanager: *I,MERGL2:   /home/grads/s/saimanish.gopu/csce_616/lab-10-SaiManishGopu/lab10/sim/regression/htax_regress.saimanish.gopu.23_12_05_19_53_17_5188/chain_0/all_test/run_75/cov_work/scope/test_sv1223409553:
vmanager: *I,MERGL3:       Data is projected in to the target model.
vmanager: *I,MERGL2:   /home/grads/s/saimanish.gopu/csce_616/lab-10-SaiManishGopu/lab10/sim/regression/htax_regress.saimanish.gopu.23_12_05_19_53_17_5188/chain_0/all_test/run_76/cov_work/scope/test_sv954966644:
vmanager: *I,MERGL3:       Data is projected in to the target model.
vmanager: *I,MERGL2:   /home/grads/s/saimanish.gopu/csce_616/lab-10-SaiManishGopu/lab10/sim/regression/htax_regress.saimanish.gopu.23_12_05_19_53_17_5188/chain_0/all_test/run_77/cov_work/scope/test_sv-1796494828:
vmanager: *I,MERGL3:       Data is projected in to the target model.
vmanager: *I,MERGL2:   /home/grads/s/saimanish.gopu/csce_616/lab-10-SaiManishGopu/lab10/sim/regression/htax_regress.saimanish.gopu.23_12_05_19_53_17_5188/chain_0/all_test/run_78/cov_work/scope/test_sv1290509988:
vmanager: *I,MERGL3:       Data is projected in to the target model.
vmanager: *I,MERGL2:   /home/grads/s/saimanish.gopu/csce_616/lab-10-SaiManishGopu/lab10/sim/regression/htax_regress.saimanish.gopu.23_12_05_19_53_17_5188/chain_0/all_test/run_79/cov_work/scope/test_sv-51673185:
vmanager: *I,MERGL3:       Data is projected in to the target model.
vmanager: *I,MERGL2:   /home/grads/s/saimanish.gopu/csce_616/lab-10-SaiManishGopu/lab10/sim/regression/htax_regress.saimanish.gopu.23_12_05_19_53_17_5188/chain_0/all_test/run_80/cov_work/scope/test_sv-1830056684:
vmanager: *I,MERGL3:       Data is projected in to the target model.
vmanager: *I,MERGL2:   /home/grads/s/saimanish.gopu/csce_616/lab-10-SaiManishGopu/lab10/sim/regression/htax_regress.saimanish.gopu.23_12_05_19_53_17_5188/chain_0/all_test/run_81/cov_work/scope/test_sv720073106:
vmanager: *I,MERGL3:       Data is projected in to the target model.
vmanager: *I,MERGL2:   /home/grads/s/saimanish.gopu/csce_616/lab-10-SaiManishGopu/lab10/sim/regression/htax_regress.saimanish.gopu.23_12_05_19_53_17_5188/chain_0/all_test/run_82/cov_work/scope/test_sv116095366:
vmanager: *I,MERGL3:       Data is projected in to the target model.
vmanager: *I,MERGL2:   /home/grads/s/saimanish.gopu/csce_616/lab-10-SaiManishGopu/lab10/sim/regression/htax_regress.saimanish.gopu.23_12_05_19_53_17_5188/chain_0/all_test/run_83/cov_work/scope/test_sv1458269618:
vmanager: *I,MERGL3:       Data is projected in to the target model.
vmanager: *I,MERGL2:   /home/grads/s/saimanish.gopu/csce_616/lab-10-SaiManishGopu/lab10/sim/regression/htax_regress.saimanish.gopu.23_12_05_19_53_17_5188/chain_0/all_test/run_84/cov_work/scope/test_sv-1360308388:
vmanager: *I,MERGL3:       Data is projected in to the target model.
vmanager: *I,MERGL2:   /home/grads/s/saimanish.gopu/csce_616/lab-10-SaiManishGopu/lab10/sim/regression/htax_regress.saimanish.gopu.23_12_05_19_53_17_5188/chain_0/all_test/run_85/cov_work/scope/test_sv-18130068:
vmanager: *I,MERGL3:       Data is projected in to the target model.
vmanager: *I,MERGL2:   /home/grads/s/saimanish.gopu/csce_616/lab-10-SaiManishGopu/lab10/sim/regression/htax_regress.saimanish.gopu.23_12_05_19_53_17_5188/chain_0/all_test/run_86/cov_work/scope/test_sv-1309981800:
vmanager: *I,MERGL3:       Data is projected in to the target model.
vmanager: *I,MERGL2:   /home/grads/s/saimanish.gopu/csce_616/lab-10-SaiManishGopu/lab10/sim/regression/htax_regress.saimanish.gopu.23_12_05_19_53_17_5188/chain_0/all_test/run_87/cov_work/scope/test_sv434894108:
vmanager: *I,MERGL3:       Data is projected in to the target model.
vmanager: *I,MERGL2:   /home/grads/s/saimanish.gopu/csce_616/lab-10-SaiManishGopu/lab10/sim/regression/htax_regress.saimanish.gopu.23_12_05_19_53_17_5188/chain_0/all_test/run_88/cov_work/scope/test_sv-1511261525:
vmanager: *I,MERGL3:       Data is projected in to the target model.
vmanager: *I,MERGL2:   /home/grads/s/saimanish.gopu/csce_616/lab-10-SaiManishGopu/lab10/sim/regression/htax_regress.saimanish.gopu.23_12_05_19_53_17_5188/chain_0/all_test/run_89/cov_work/scope/test_sv-169090660:
vmanager: *I,MERGL3:       Data is projected in to the target model.
vmanager: *I,MERGL2:   /home/grads/s/saimanish.gopu/csce_616/lab-10-SaiManishGopu/lab10/sim/regression/htax_regress.saimanish.gopu.23_12_05_19_53_17_5188/chain_0/all_test/run_91/cov_work/scope/test_sv602659987:
vmanager: *I,MERGL3:       Data is projected in to the target model.
vmanager: *I,MERGL2:   /home/grads/s/saimanish.gopu/csce_616/lab-10-SaiManishGopu/lab10/sim/regression/htax_regress.saimanish.gopu.23_12_05_19_53_17_5188/chain_0/all_test/run_92/cov_work/scope/test_sv200001281:
vmanager: *I,MERGL3:       Data is projected in to the target model.
vmanager: *I,MERGL2:   /home/grads/s/saimanish.gopu/csce_616/lab-10-SaiManishGopu/lab10/sim/regression/htax_regress.saimanish.gopu.23_12_05_19_53_17_5188/chain_0/all_test/run_93/cov_work/scope/test_sv1542179837:
vmanager: *I,MERGL3:       Data is projected in to the target model.
vmanager: *I,MERGL2:   /home/grads/s/saimanish.gopu/csce_616/lab-10-SaiManishGopu/lab10/sim/regression/htax_regress.saimanish.gopu.23_12_05_19_53_17_5188/chain_0/all_test/run_95/cov_work/scope/test_sv-1880381478:
vmanager: *I,MERGL3:       Data is projected in to the target model.
vmanager: *I,MERGL2:   /home/grads/s/saimanish.gopu/csce_616/lab-10-SaiManishGopu/lab10/sim/regression/htax_regress.saimanish.gopu.23_12_05_19_53_17_5188/chain_0/all_test/run_96/cov_work/scope/test_sv-1075073326:
vmanager: *I,MERGL3:       Data is projected in to the target model.
vmanager: *I,MERGL2:   /home/grads/s/saimanish.gopu/csce_616/lab-10-SaiManishGopu/lab10/sim/regression/htax_regress.saimanish.gopu.23_12_05_19_53_17_5188/chain_0/all_test/run_97/cov_work/scope/test_sv-535064010:
vmanager: *I,MERGL3:       Data is projected in to the target model.
vmanager: *I,MERGL2:   /home/grads/s/saimanish.gopu/csce_616/lab-10-SaiManishGopu/lab10/sim/regression/htax_regress.saimanish.gopu.23_12_05_19_53_17_5188/chain_0/all_test/run_98/cov_work/scope/test_sv672897724:
vmanager: *I,MERGL3:       Data is projected in to the target model.
vmanager: *I,MERGL2:   /home/grads/s/saimanish.gopu/csce_616/lab-10-SaiManishGopu/lab10/sim/regression/htax_regress.saimanish.gopu.23_12_05_19_53_17_5188/chain_0/all_test/run_99/cov_work/scope/test_sv-132415410:
vmanager: *I,MERGL3:       Data is projected in to the target model.
vmanager: *I,MERGL2:   /home/grads/s/saimanish.gopu/csce_616/lab-10-SaiManishGopu/lab10/sim/regression/htax_regress.saimanish.gopu.23_12_05_19_53_17_5188/chain_0/all_test/run_101/cov_work/scope/test_sv-1944358714:
vmanager: *I,MERGL3:       Data is projected in to the target model.
vmanager: *I,MERGL2:   /home/grads/s/saimanish.gopu/csce_616/lab-10-SaiManishGopu/lab10/sim/regression/htax_regress.saimanish.gopu.23_12_05_19_53_17_5188/chain_0/all_test/run_102/cov_work/scope/test_sv1545299967:
vmanager: *I,MERGL3:       Data is projected in to the target model.
vmanager: *I,MERGL2:   /home/grads/s/saimanish.gopu/csce_616/lab-10-SaiManishGopu/lab10/sim/regression/htax_regress.saimanish.gopu.23_12_05_19_53_17_5188/chain_0/all_test/run_104/cov_work/scope/test_sv-1306830897:
vmanager: *I,MERGL3:       Data is projected in to the target model.
vmanager: *I,MERGL2:   /home/grads/s/saimanish.gopu/csce_616/lab-10-SaiManishGopu/lab10/sim/regression/htax_regress.saimanish.gopu.23_12_05_19_53_17_5188/chain_0/all_test/run_105/cov_work/scope/test_sv-367305266:
vmanager: *I,MERGL3:       Data is projected in to the target model.
vmanager: *I,MERGL2:   /home/grads/s/saimanish.gopu/csce_616/lab-10-SaiManishGopu/lab10/sim/regression/htax_regress.saimanish.gopu.23_12_05_19_53_17_5188/chain_0/all_test/run_107/cov_work/scope/test_sv-1776596607:
vmanager: *I,MERGL3:       Data is projected in to the target model.
vmanager: *I,MERGL2:   /home/grads/s/saimanish.gopu/csce_616/lab-10-SaiManishGopu/lab10/sim/regression/htax_regress.saimanish.gopu.23_12_05_19_53_17_5188/chain_0/all_test/run_109/cov_work/scope/test_sv-31726306:
vmanager: *I,MERGL3:       Data is projected in to the target model.
vmanager: *I,MERGL2:   /home/grads/s/saimanish.gopu/csce_616/lab-10-SaiManishGopu/lab10/sim/regression/htax_regress.saimanish.gopu.23_12_05_19_53_17_5188/chain_0/all_test/run_111/cov_work/scope/test_sv-1994664476:
vmanager: *I,MERGL3:       Data is projected in to the target model.
vmanager: *I,MERGL2:   /home/grads/s/saimanish.gopu/csce_616/lab-10-SaiManishGopu/lab10/sim/regression/htax_regress.saimanish.gopu.23_12_05_19_53_17_5188/chain_0/all_test/run_112/cov_work/scope/test_sv-652486025:
vmanager: *I,MERGL3:       Data is projected in to the target model.
vmanager: *I,MERGL2:   /home/grads/s/saimanish.gopu/csce_616/lab-10-SaiManishGopu/lab10/sim/regression/htax_regress.saimanish.gopu.23_12_05_19_53_17_5188/chain_0/all_test/run_113/cov_work/scope/test_sv354140803:
vmanager: *I,MERGL3:       Data is projected in to the target model.
vmanager: *I,MERGL2:   /home/grads/s/saimanish.gopu/csce_616/lab-10-SaiManishGopu/lab10/sim/regression/htax_regress.saimanish.gopu.23_12_05_19_53_17_5188/chain_0/all_test/run_115/cov_work/scope/test_sv-316952539:
vmanager: *I,MERGL3:       Data is projected in to the target model.
vmanager: *I,MERGL2:   /home/grads/s/saimanish.gopu/csce_616/lab-10-SaiManishGopu/lab10/sim/regression/htax_regress.saimanish.gopu.23_12_05_19_53_17_5188/chain_0/all_test/run_117/cov_work/scope/test_sv857452485:
vmanager: *I,MERGL3:       Data is projected in to the target model.
vmanager: *I,MERGL1: Projecting data into the target model ...
vmanager: *I,MERGL2:   /home/grads/s/saimanish.gopu/csce_616/lab-10-SaiManishGopu/lab10/sim/regression/htax_regress.saimanish.gopu.23_12_05_19_53_17_5188/chain_0/all_test/run_29/cov_work/scope/test_sv-961847974:
vmanager: *I,MERGL3:       Data is projected in to the target model.
vmanager: *I,MERGL2:   /home/grads/s/saimanish.gopu/csce_616/lab-10-SaiManishGopu/lab10/sim/regression/htax_regress.saimanish.gopu.23_12_05_19_53_17_5188/chain_0/all_test/run_30/cov_work/scope/test_sv-1767161587:
vmanager: *I,MERGL3:       Data is projected in to the target model.
vmanager: *I,MERGL2:   /home/grads/s/saimanish.gopu/csce_616/lab-10-SaiManishGopu/lab10/sim/regression/htax_regress.saimanish.gopu.23_12_05_19_53_17_5188/chain_0/all_test/run_38/cov_work/scope/test_sv1839967347:
vmanager: *I,MERGL3:       Data is projected in to the target model.
vmanager: *I,MERGL2:   /home/grads/s/saimanish.gopu/csce_616/lab-10-SaiManishGopu/lab10/sim/regression/htax_regress.saimanish.gopu.23_12_05_19_53_17_5188/chain_0/all_test/run_39/cov_work/scope/test_sv-1112829840:
vmanager: *I,MERGL3:       Data is projected in to the target model.
vmanager: *I,MERGL2:   /home/grads/s/saimanish.gopu/csce_616/lab-10-SaiManishGopu/lab10/sim/regression/htax_regress.saimanish.gopu.23_12_05_19_53_17_5188/chain_0/all_test/run_41/cov_work/scope/test_sv1940622479:
vmanager: *I,MERGL3:       Data is projected in to the target model.
vmanager: *I,MERGL2:   /home/grads/s/saimanish.gopu/csce_616/lab-10-SaiManishGopu/lab10/sim/regression/htax_regress.saimanish.gopu.23_12_05_19_53_17_5188/chain_0/all_test/run_48/cov_work/scope/test_sv141292936:
vmanager: *I,MERGL3:       Data is projected in to the target model.
vmanager: *I,MERGL2:   /home/grads/s/saimanish.gopu/csce_616/lab-10-SaiManishGopu/lab10/sim/regression/htax_regress.saimanish.gopu.23_12_05_19_53_17_5188/chain_0/all_test/run_51/cov_work/scope/test_sv879487258:
vmanager: *I,MERGL3:       Data is projected in to the target model.
vmanager: *I,MERGL2:   /home/grads/s/saimanish.gopu/csce_616/lab-10-SaiManishGopu/lab10/sim/regression/htax_regress.saimanish.gopu.23_12_05_19_53_17_5188/chain_0/all_test/run_58/cov_work/scope/test_sv1986762184:
vmanager: *I,MERGL3:       Data is projected in to the target model.
vmanager: *I,MERGL2:   /home/grads/s/saimanish.gopu/csce_616/lab-10-SaiManishGopu/lab10/sim/regression/htax_regress.saimanish.gopu.23_12_05_19_53_17_5188/chain_0/all_test/run_61/cov_work/scope/test_sv-513046040:
vmanager: *I,MERGL3:       Data is projected in to the target model.
vmanager: *I,MERGL2:   /home/grads/s/saimanish.gopu/csce_616/lab-10-SaiManishGopu/lab10/sim/regression/htax_regress.saimanish.gopu.23_12_05_19_53_17_5188/chain_0/all_test/run_66/cov_work/scope/test_sv1298880616:
vmanager: *I,MERGL3:       Data is projected in to the target model.
vmanager: *I,MERGL2:   /home/grads/s/saimanish.gopu/csce_616/lab-10-SaiManishGopu/lab10/sim/regression/htax_regress.saimanish.gopu.23_12_05_19_53_17_5188/chain_0/all_test/run_67/cov_work/scope/test_sv-1653915015:
vmanager: *I,MERGL3:       Data is projected in to the target model.
vmanager: *I,MERGL2:   /home/grads/s/saimanish.gopu/csce_616/lab-10-SaiManishGopu/lab10/sim/regression/htax_regress.saimanish.gopu.23_12_05_19_53_17_5188/chain_0/all_test/run_90/cov_work/scope/test_sv-571741710:
vmanager: *I,MERGL3:       Data is projected in to the target model.
vmanager: *I,MERGL2:   /home/grads/s/saimanish.gopu/csce_616/lab-10-SaiManishGopu/lab10/sim/regression/htax_regress.saimanish.gopu.23_12_05_19_53_17_5188/chain_0/all_test/run_94/cov_work/scope/test_sv401322886:
vmanager: *I,MERGL3:       Data is projected in to the target model.
vmanager: *I,MERGL2:   /home/grads/s/saimanish.gopu/csce_616/lab-10-SaiManishGopu/lab10/sim/regression/htax_regress.saimanish.gopu.23_12_05_19_53_17_5188/chain_0/all_test/run_100/cov_work/scope/test_sv1411090931:
vmanager: *I,MERGL3:       Data is projected in to the target model.
vmanager: *I,MERGL2:   /home/grads/s/saimanish.gopu/csce_616/lab-10-SaiManishGopu/lab10/sim/regression/htax_regress.saimanish.gopu.23_12_05_19_53_17_5188/chain_0/all_test/run_103/cov_work/scope/test_sv1645964810:
vmanager: *I,MERGL3:       Data is projected in to the target model.
vmanager: *I,MERGL2:   /home/grads/s/saimanish.gopu/csce_616/lab-10-SaiManishGopu/lab10/sim/regression/htax_regress.saimanish.gopu.23_12_05_19_53_17_5188/chain_0/all_test/run_106/cov_work/scope/test_sv-971291182:
vmanager: *I,MERGL3:       Data is projected in to the target model.
vmanager: *I,MERGL2:   /home/grads/s/saimanish.gopu/csce_616/lab-10-SaiManishGopu/lab10/sim/regression/htax_regress.saimanish.gopu.23_12_05_19_53_17_5188/chain_0/all_test/run_108/cov_work/scope/test_sv1847324981:
vmanager: *I,MERGL3:       Data is projected in to the target model.
vmanager: *I,MERGL2:   /home/grads/s/saimanish.gopu/csce_616/lab-10-SaiManishGopu/lab10/sim/regression/htax_regress.saimanish.gopu.23_12_05_19_53_17_5188/chain_0/all_test/run_110/cov_work/scope/test_sv-786698864:
vmanager: *I,MERGL3:       Data is projected in to the target model.
vmanager: *I,MERGL2:   /home/grads/s/saimanish.gopu/csce_616/lab-10-SaiManishGopu/lab10/sim/regression/htax_regress.saimanish.gopu.23_12_05_19_53_17_5188/chain_0/all_test/run_114/cov_work/scope/test_sv-1927563593:
vmanager: *I,MERGL3:       Data is projected in to the target model.
vmanager: *I,MERGL2:   /home/grads/s/saimanish.gopu/csce_616/lab-10-SaiManishGopu/lab10/sim/regression/htax_regress.saimanish.gopu.23_12_05_19_53_17_5188/chain_0/all_test/run_116/cov_work/scope/test_sv-1558468831:
vmanager: *I,MERGL3:       Data is projected in to the target model.
vmanager: *I,MERGL2:   /home/grads/s/saimanish.gopu/csce_616/lab-10-SaiManishGopu/lab10/sim/regression/htax_regress.saimanish.gopu.23_12_05_19_53_17_5188/chain_0/all_test/run_118/cov_work/scope/test_sv454792968:
vmanager: *I,MERGL3:       Data is projected in to the target model.
vmanager: *I,MERGL2:   /home/grads/s/saimanish.gopu/csce_616/lab-10-SaiManishGopu/lab10/sim/regression/htax_regress.saimanish.gopu.23_12_05_19_53_17_5188/chain_0/all_test/run_119/cov_work/scope/test_sv-1155818807:
vmanager: *I,MERGL3:       Data is projected in to the target model.
vmanager: *I,MERGL1: Writing icc model to /home/grads/s/saimanish.gopu/csce_616/lab-10-SaiManishGopu/lab10/sim/regression/htax_regress.saimanish.gopu.23_12_05_19_53_17_5188/merged_ucds/default/1701839938441/icc_4e8e3c4e_0a9c82fa.ucm(merged)
vmanager: *I,MERGL1: Writing icc data to /home/grads/s/saimanish.gopu/csce_616/lab-10-SaiManishGopu/lab10/sim/regression/htax_regress.saimanish.gopu.23_12_05_19_53_17_5188/merged_ucds/default/1701839938441/merged_tests/icc_4e8e3c4e_0a9c82fa.ucd(merged)
vmanager: *I,coverage.merge_op_done_no_warns: Merge operation (session runs merge) is done without any conflicts.
